09:55:21 NetworkUtil#<clinit> [ERROR]: 无法获取Mac地址！
09:55:28 DesignRuleContainer#initRuleContainer [ERROR]: modulePrefix,productId=1001,modulePrefix=ModulePrefix{siteID=1001, localModulePrefix='ot-', systemModulePrefix=[of-]}
09:55:28 DesignRuleContainer#initRuleContainer [ERROR]: modulePrefix,productId=1003,modulePrefix=ModulePrefix{siteID=1003, localModulePrefix='ot-', systemModulePrefix=[msp-]}
09:55:29 DesignRuleContainer#initRuleContainer [ERROR]: modulePrefix,productId=2,modulePrefix=ModulePrefix{siteID=2, localModulePrefix='tshop-um-', systemModulePrefix=[tshop-pbsm-]}
09:55:29 DesignRuleContainer#initRuleContainer [ERROR]: modulePrefix,productId=58,modulePrefix=ModulePrefix{siteID=58, localModulePrefix='tshop-um-', systemModulePrefix=[tshop-pbsm-]}
09:55:29 DesignRuleContainer#initRuleContainer [ERROR]: modulePrefix,productId=1,modulePrefix=ModulePrefix{siteID=1, localModulePrefix='tshop-um-', systemModulePrefix=[tshop-pbsm-]}
09:55:29 DesignRuleContainer#initRuleContainer [ERROR]: modulePrefix,productId=60,modulePrefix=ModulePrefix{siteID=60, localModulePrefix='tshop-um-', systemModulePrefix=[tshop-uz-, tshop-psm-]}
09:55:29 DesignRuleContainer#initRuleContainer [ERROR]: modulePrefix,productId=66,modulePrefix=ModulePrefix{siteID=66, localModulePrefix='tshop-um-', systemModulePrefix=[tshop-pbsm-]}
09:55:29 DesignRuleContainer#initRuleContainer [ERROR]: modulePrefix,productId=3,modulePrefix=ModulePrefix{siteID=3, localModulePrefix='tshop-um-', systemModulePrefix=[tshop-pbsm-]}
09:55:39 SystemModuleSynchronizator#synchronize [ERROR]: 系统模块[SystemModule [moduleID=pinpai.module.homePicRound, thumbnailURL=http://img02.taobaocdn.com/tps/i2/T1XFRLXn4mXXXXXXXX-50-50.png, cssSelectorName=null, moduleName=图片轮播, javascriptURL=apps/brandservice/js/brand_index.js,apps/brandservice/js/brand_active.js, componentID=791, cssURL="", domURL=http://siteadmin.taobao.com/module/module.htm?_input_charset=utf-8&compId=791&siteCategory=58, params={}]]同步失败！
09:55:39 SystemModuleSynchronizator#synchronize [ERROR]: 系统模块[SystemModule [moduleID=pinpai.module.fullScreenPic, thumbnailURL=//gdp.alicdn.com/tps/i3/T1b656FnXbXXa_Z76h-990-485.jpg, cssSelectorName=null, moduleName=全屏图片轮播, javascriptURL=apps/brandservice/scripts/mods/index-slide-big-min.js, componentID=447, cssURL=/apps/brandservice/stylesheet/mods/index-slide-big-min.css, domURL=http://siteadmin.taobao.com/module/module.htm?_input_charset=utf-8&compId=447&siteCategory=58, params={}]]同步失败！
09:55:39 SystemModuleSynchronizator#synchronize [ERROR]: 系统模块[SystemModule [moduleID=pinpai.module.tongFullRoundPic, thumbnailURL=http://img02.taobaocdn.com/tps/i2/T1XFRLXn4mXXXXXXXX-50-50.png, cssSelectorName=null, moduleName=通栏图片轮播, javascriptURL=apps/brandservice/scripts/mods/index-slide-fullscreen-min.js, componentID=453, cssURL=/apps/brandservice/stylesheet/mods/index-slide-fullscreen-min.css, domURL=http://siteadmin.taobao.com/module/module.htm?_input_charset=utf-8&compId=453&siteCategory=58, params={}]]同步失败！
09:55:40 SystemModuleSynchronizator#synchronize [ERROR]: 系统模块[SystemModule [moduleID=pinpai.module.minifeeds, thumbnailURL=http://img02.taobaocdn.com/tps/i2/T1XFRLXn4mXXXXXXXX-50-50.png, cssSelectorName=null, moduleName=sns直播墙, javascriptURL="", componentID=915, cssURL="", domURL=http://siteadmin.taobao.com/module/module.htm?_input_charset=utf-8&compId=915&siteCategory=58, params={}]]同步失败！
09:55:45 SystemModuleSynchronizator#synchronize [ERROR]: 系统模块[SystemModule [moduleID=taobao.module.isvgamelist, thumbnailURL=//gdp.alicdn.com/tps/i1/TB1ywDUGFXXXXX2apXX1ElnIXXX-64-64.png, cssSelectorName=null, moduleName=ISV互动游戏模块列表, javascriptURL="", componentID=4081, cssURL="", domURL=http://siteadmin.taobao.com/module/module.htm?_input_charset=utf-8&compId=4081&siteCategory=1, params={}]]同步失败！
09:55:51 SystemModuleSynchronizator#synchronize [ERROR]: 系统模块[SystemModule [moduleID=daogou.module.hangjiaslide, thumbnailURL=http://img02.taobaocdn.com/tps/i2/T1XFRLXn4mXXXXXXXX-50-50.png, cssSelectorName=null, moduleName=行家轮播模块, javascriptURL="", componentID=9205, cssURL="", domURL=http://siteadmin.taobao.com/module/module.htm?_input_charset=utf-8&compId=9205&siteCategory=60, params={}]]同步失败！
09:57:47 SdkDiamondContentExportClient#getContent [ERROR]: Diamond内容导出服务URL发生错误，其Group ID：com.taobao.tae.sdk.api，Data ID：site.caja.config.1001
09:57:48 SdkDiamondContentExportClient#getContent [ERROR]: Diamond内容导出服务URL发生错误，其Group ID：com.taobao.tae.sdk.api，Data ID：site.caja.config.1003
09:57:49 SdkDiamondContentExportClient#getContent [ERROR]: Diamond内容导出服务URL发生错误，其Group ID：com.taobao.tae.sdk.api，Data ID：site.caja.config.66
09:57:49 SdkDiamondContentExportClient#getContent [ERROR]: Diamond内容导出服务URL发生错误，其Group ID：com.taobao.tae.sdk.api，Data ID：site.caja.config.58
09:57:53 ComponentSynchronizator#synchronize [ERROR]: ======component sync url: http://siteadmin.taobao.com/module/singleModule.htm?want=part&noRender=1&compId=18518
10:07:05 SystemModuleSynchronizator#synchronize [ERROR]: 系统模块[SystemModule [moduleID=taobao.module.rechargeCenter, thumbnailURL=//gdp.alicdn.com/tps/i1/T1kxkMXc8XXXcj5F6l-64-64.gif, cssSelectorName=null, moduleName=充值中心, javascriptURL=/apps/taesite/platinum/scripts/common/mods/other/recharge-center/recharge-center-min.js, componentID=4064, cssURL="", domURL=http://siteadmin.taobao.com/module/module.htm?_input_charset=utf-8&compId=4064&siteCategory=2, params={}]]同步失败！
10:07:14 FileSystemUtil#findPageFilesList [ERROR]: 模板描述文件解析错误，请文件：/Users/Mr-WC/Documents/tae-sdk/TAE_SDK/htdocs/FirstTae，错误信息如下：null
模板描述文件解析错误，请文件：/Users/Mr-WC/Documents/tae-sdk/TAE_SDK/htdocs/FirstTae，错误信息如下：null
模板描述文件解析错误，请文件：/Users/Mr-WC/Documents/tae-sdk/TAE_SDK/htdocs/FirstTae，错误信息如下：null
模板描述文件解析错误，请文件：/Users/Mr-WC/Documents/tae-sdk/TAE_SDK/htdocs/FirstTae，错误信息如下：null
模板描述文件解析错误，请文件：/Users/Mr-WC/Documents/tae-sdk/TAE_SDK/htdocs/FirstTae，错误信息如下：null
模板描述文件解析错误，请文件：/Users/Mr-WC/Documents/tae-sdk/TAE_SDK/htdocs/FirstTae，错误信息如下：null

10:17:05 ModuleUtil#getSystemModuleID [ERROR]: 系统模块[ID：tshop-pbsm-shop-nav-ch]无法支持！可能的原因：系统模块同步失败，请稍后重试！
10:17:54 ModuleUtil#getSystemModuleID [ERROR]: 系统模块[ID：tshop-pbsm-shop-custom-banner]无法支持！可能的原因：系统模块同步失败，请稍后重试！
10:17:59 SystemModuleSynchronizator#synchronize [ERROR]: 系统模块[SystemModule [moduleID=daogou.module.hangjiaslide, thumbnailURL=http://img02.taobaocdn.com/tps/i2/T1XFRLXn4mXXXXXXXX-50-50.png, cssSelectorName=null, moduleName=行家轮播模块, javascriptURL="", componentID=9205, cssURL="", domURL=http://siteadmin.taobao.com/module/module.htm?_input_charset=utf-8&compId=9205&siteCategory=60, params={}]]同步失败！
10:17:59 SystemModuleSynchronizator#synchronize [ERROR]: 系统模块[SystemModule [moduleID=daogou.module.hangjiaslide, thumbnailURL=http://img02.taobaocdn.com/tps/i2/T1XFRLXn4mXXXXXXXX-50-50.png, cssSelectorName=null, moduleName=行家轮播模块, javascriptURL="", componentID=9205, cssURL="", domURL=http://siteadmin.taobao.com/module/module.htm?_input_charset=utf-8&compId=9205&siteCategory=60, params={}]]同步失败！
10:17:59 ModuleUtil#getSystemModuleID [ERROR]: 系统模块[ID：tshop-pbsm-shop-custom-banner]无法支持！可能的原因：系统模块同步失败，请稍后重试！
10:18:25 ModuleUtil#getSystemModuleID [ERROR]: 系统模块[ID：tshop-pbsm-shop-nav-ch]无法支持！可能的原因：系统模块同步失败，请稍后重试！
10:18:25 ModuleUtil#getSystemModuleID [ERROR]: 系统模块[ID：tshop-pbsm-shop-custom-banner]无法支持！可能的原因：系统模块同步失败，请稍后重试！
10:19:00 ModuleUtil#getSystemModuleID [ERROR]: 系统模块[ID：tshop-pbsm-shop-nav-ch]无法支持！可能的原因：系统模块同步失败，请稍后重试！
10:19:00 ModuleUtil#getSystemModuleID [ERROR]: 系统模块[ID：tshop-pbsm-shop-custom-banner]无法支持！可能的原因：系统模块同步失败，请稍后重试！
10:19:27 ModuleUtil#getSystemModuleID [ERROR]: 系统模块[ID：tshop-pbsm-shop-nav-ch]无法支持！可能的原因：系统模块同步失败，请稍后重试！
10:19:27 ModuleUtil#getSystemModuleID [ERROR]: 系统模块[ID：tshop-pbsm-shop-custom-banner]无法支持！可能的原因：系统模块同步失败，请稍后重试！
10:19:39 ModuleUtil#getSystemModuleID [ERROR]: 系统模块[ID：tshop-pbsm-shop-nav-ch]无法支持！可能的原因：系统模块同步失败，请稍后重试！
10:19:39 ModuleUtil#getSystemModuleID [ERROR]: 系统模块[ID：tshop-pbsm-shop-custom-banner]无法支持！可能的原因：系统模块同步失败，请稍后重试！
10:21:04 ModuleUtil#getSystemModuleID [ERROR]: 系统模块[ID：tshop-pbsm-shop-nav-ch]无法支持！可能的原因：系统模块同步失败，请稍后重试！
10:21:04 ModuleUtil#getSystemModuleID [ERROR]: 系统模块[ID：tshop-pbsm-shop-custom-banner]无法支持！可能的原因：系统模块同步失败，请稍后重试！
10:21:36 ModuleUtil#getSystemModuleID [ERROR]: 系统模块[ID：tshop-pbsm-shop-nav-ch]无法支持！可能的原因：系统模块同步失败，请稍后重试！
10:21:36 ModuleUtil#getSystemModuleID [ERROR]: 系统模块[ID：tshop-pbsm-shop-custom-banner]无法支持！可能的原因：系统模块同步失败，请稍后重试！
10:23:00 ModuleUtil#getSystemModuleID [ERROR]: 系统模块[ID：tshop-pbsm-shop-custom-banner]无法支持！可能的原因：系统模块同步失败，请稍后重试！
10:23:00 ModuleUtil#getSystemModuleID [ERROR]: 系统模块[ID：tshop-pbsm-shop-nav-ch]无法支持！可能的原因：系统模块同步失败，请稍后重试！
10:27:25 NetworkUtil#<clinit> [ERROR]: 无法获取Mac地址！
10:27:26 DesignRuleContainer#initRuleContainer [ERROR]: modulePrefix,productId=1001,modulePrefix=ModulePrefix{siteID=1001, localModulePrefix='ot-', systemModulePrefix=[of-]}
10:27:26 DesignRuleContainer#initRuleContainer [ERROR]: modulePrefix,productId=1003,modulePrefix=ModulePrefix{siteID=1003, localModulePrefix='ot-', systemModulePrefix=[msp-]}
10:27:26 DesignRuleContainer#initRuleContainer [ERROR]: modulePrefix,productId=2,modulePrefix=ModulePrefix{siteID=2, localModulePrefix='tshop-um-', systemModulePrefix=[tshop-pbsm-]}
10:27:26 DesignRuleContainer#initRuleContainer [ERROR]: modulePrefix,productId=58,modulePrefix=ModulePrefix{siteID=58, localModulePrefix='tshop-um-', systemModulePrefix=[tshop-pbsm-]}
10:27:27 DesignRuleContainer#initRuleContainer [ERROR]: modulePrefix,productId=1,modulePrefix=ModulePrefix{siteID=1, localModulePrefix='tshop-um-', systemModulePrefix=[tshop-pbsm-]}
10:27:27 DesignRuleContainer#initRuleContainer [ERROR]: modulePrefix,productId=60,modulePrefix=ModulePrefix{siteID=60, localModulePrefix='tshop-um-', systemModulePrefix=[tshop-uz-, tshop-psm-]}
10:27:27 DesignRuleContainer#initRuleContainer [ERROR]: modulePrefix,productId=66,modulePrefix=ModulePrefix{siteID=66, localModulePrefix='tshop-um-', systemModulePrefix=[tshop-pbsm-]}
10:27:27 DesignRuleContainer#initRuleContainer [ERROR]: modulePrefix,productId=3,modulePrefix=ModulePrefix{siteID=3, localModulePrefix='tshop-um-', systemModulePrefix=[tshop-pbsm-]}
10:27:27 SystemModuleSynchronizator#synchronize [ERROR]: 系统模块[SystemModule [moduleID=pinpai.module.homePicRound, thumbnailURL=http://img02.taobaocdn.com/tps/i2/T1XFRLXn4mXXXXXXXX-50-50.png, cssSelectorName=null, moduleName=图片轮播, javascriptURL=apps/brandservice/js/brand_index.js,apps/brandservice/js/brand_active.js, componentID=791, cssURL="", domURL=http://siteadmin.taobao.com/module/module.htm?_input_charset=utf-8&compId=791&siteCategory=58, params={}]]同步失败！
10:27:27 SystemModuleSynchronizator#synchronize [ERROR]: 系统模块[SystemModule [moduleID=pinpai.module.fullScreenPic, thumbnailURL=//gdp.alicdn.com/tps/i3/T1b656FnXbXXa_Z76h-990-485.jpg, cssSelectorName=null, moduleName=全屏图片轮播, javascriptURL=apps/brandservice/scripts/mods/index-slide-big-min.js, componentID=447, cssURL=/apps/brandservice/stylesheet/mods/index-slide-big-min.css, domURL=http://siteadmin.taobao.com/module/module.htm?_input_charset=utf-8&compId=447&siteCategory=58, params={}]]同步失败！
10:27:27 SystemModuleSynchronizator#synchronize [ERROR]: 系统模块[SystemModule [moduleID=pinpai.module.tongFullRoundPic, thumbnailURL=http://img02.taobaocdn.com/tps/i2/T1XFRLXn4mXXXXXXXX-50-50.png, cssSelectorName=null, moduleName=通栏图片轮播, javascriptURL=apps/brandservice/scripts/mods/index-slide-fullscreen-min.js, componentID=453, cssURL=/apps/brandservice/stylesheet/mods/index-slide-fullscreen-min.css, domURL=http://siteadmin.taobao.com/module/module.htm?_input_charset=utf-8&compId=453&siteCategory=58, params={}]]同步失败！
10:27:27 SystemModuleSynchronizator#synchronize [ERROR]: 系统模块[SystemModule [moduleID=pinpai.module.minifeeds, thumbnailURL=http://img02.taobaocdn.com/tps/i2/T1XFRLXn4mXXXXXXXX-50-50.png, cssSelectorName=null, moduleName=sns直播墙, javascriptURL="", componentID=915, cssURL="", domURL=http://siteadmin.taobao.com/module/module.htm?_input_charset=utf-8&compId=915&siteCategory=58, params={}]]同步失败！
10:27:27 SystemModuleSynchronizator#synchronize [ERROR]: 系统模块[SystemModule [moduleID=taobao.module.isvgamelist, thumbnailURL=//gdp.alicdn.com/tps/i1/TB1ywDUGFXXXXX2apXX1ElnIXXX-64-64.png, cssSelectorName=null, moduleName=ISV互动游戏模块列表, javascriptURL="", componentID=4081, cssURL="", domURL=http://siteadmin.taobao.com/module/module.htm?_input_charset=utf-8&compId=4081&siteCategory=1, params={}]]同步失败！
10:27:28 SystemModuleSynchronizator#synchronize [ERROR]: 系统模块[SystemModule [moduleID=daogou.module.hangjiaslide, thumbnailURL=http://img02.taobaocdn.com/tps/i2/T1XFRLXn4mXXXXXXXX-50-50.png, cssSelectorName=null, moduleName=行家轮播模块, javascriptURL="", componentID=9205, cssURL="", domURL=http://siteadmin.taobao.com/module/module.htm?_input_charset=utf-8&compId=9205&siteCategory=60, params={}]]同步失败！
10:28:21 SdkDiamondContentExportClient#getContent [ERROR]: Diamond内容导出服务URL发生错误，其Group ID：com.taobao.tae.sdk.api，Data ID：site.caja.config.1001
10:28:21 SdkDiamondContentExportClient#getContent [ERROR]: Diamond内容导出服务URL发生错误，其Group ID：com.taobao.tae.sdk.api，Data ID：site.caja.config.1003
10:28:21 SdkDiamondContentExportClient#getContent [ERROR]: Diamond内容导出服务URL发生错误，其Group ID：com.taobao.tae.sdk.api，Data ID：site.caja.config.66
10:28:21 SdkDiamondContentExportClient#getContent [ERROR]: Diamond内容导出服务URL发生错误，其Group ID：com.taobao.tae.sdk.api，Data ID：site.caja.config.58
10:28:21 ComponentSynchronizator#synchronize [ERROR]: ======component sync url: http://siteadmin.taobao.com/module/singleModule.htm?want=part&noRender=1&compId=18518
10:29:19 ModuleUtil#getSystemModuleID [ERROR]: 系统模块[ID：tshop-pbsm-shop-coupon]无法支持！可能的原因：系统模块同步失败，请稍后重试！
10:29:19 SystemModuleSynchronizator#synchronize [ERROR]: 系统模块[SystemModule [moduleID=daogou.module.hangjiaslide, thumbnailURL=http://img02.taobaocdn.com/tps/i2/T1XFRLXn4mXXXXXXXX-50-50.png, cssSelectorName=null, moduleName=行家轮播模块, javascriptURL="", componentID=9205, cssURL="", domURL=http://siteadmin.taobao.com/module/module.htm?_input_charset=utf-8&compId=9205&siteCategory=60, params={}]]同步失败！
10:29:19 SystemModuleSynchronizator#synchronize [ERROR]: 系统模块[SystemModule [moduleID=daogou.module.hangjiaslide, thumbnailURL=http://img02.taobaocdn.com/tps/i2/T1XFRLXn4mXXXXXXXX-50-50.png, cssSelectorName=null, moduleName=行家轮播模块, javascriptURL="", componentID=9205, cssURL="", domURL=http://siteadmin.taobao.com/module/module.htm?_input_charset=utf-8&compId=9205&siteCategory=60, params={}]]同步失败！
10:29:19 ModuleUtil#getSystemModuleID [ERROR]: 系统模块[ID：tshop-pbsm-shop-coupon]无法支持！可能的原因：系统模块同步失败，请稍后重试！
10:29:27 ModuleUtil#getSystemModuleID [ERROR]: 系统模块[ID：tshop-pbsm-shop-custom-banner]无法支持！可能的原因：系统模块同步失败，请稍后重试！
10:29:27 SystemModuleSynchronizator#synchronize [ERROR]: 系统模块[SystemModule [moduleID=daogou.module.hangjiaslide, thumbnailURL=http://img02.taobaocdn.com/tps/i2/T1XFRLXn4mXXXXXXXX-50-50.png, cssSelectorName=null, moduleName=行家轮播模块, javascriptURL="", componentID=9205, cssURL="", domURL=http://siteadmin.taobao.com/module/module.htm?_input_charset=utf-8&compId=9205&siteCategory=60, params={}]]同步失败！
10:29:27 SystemModuleSynchronizator#synchronize [ERROR]: 系统模块[SystemModule [moduleID=daogou.module.hangjiaslide, thumbnailURL=http://img02.taobaocdn.com/tps/i2/T1XFRLXn4mXXXXXXXX-50-50.png, cssSelectorName=null, moduleName=行家轮播模块, javascriptURL="", componentID=9205, cssURL="", domURL=http://siteadmin.taobao.com/module/module.htm?_input_charset=utf-8&compId=9205&siteCategory=60, params={}]]同步失败！
10:29:27 ModuleUtil#getSystemModuleID [ERROR]: 系统模块[ID：tshop-pbsm-shop-custom-banner]无法支持！可能的原因：系统模块同步失败，请稍后重试！
10:29:38 ModuleUtil#getSystemModuleID [ERROR]: 系统模块[ID：tshop-pbsm-shop-self-defined]无法支持！可能的原因：系统模块同步失败，请稍后重试！
10:29:38 SystemModuleSynchronizator#synchronize [ERROR]: 系统模块[SystemModule [moduleID=daogou.module.hangjiaslide, thumbnailURL=http://img02.taobaocdn.com/tps/i2/T1XFRLXn4mXXXXXXXX-50-50.png, cssSelectorName=null, moduleName=行家轮播模块, javascriptURL="", componentID=9205, cssURL="", domURL=http://siteadmin.taobao.com/module/module.htm?_input_charset=utf-8&compId=9205&siteCategory=60, params={}]]同步失败！
10:29:38 SystemModuleSynchronizator#synchronize [ERROR]: 系统模块[SystemModule [moduleID=daogou.module.hangjiaslide, thumbnailURL=http://img02.taobaocdn.com/tps/i2/T1XFRLXn4mXXXXXXXX-50-50.png, cssSelectorName=null, moduleName=行家轮播模块, javascriptURL="", componentID=9205, cssURL="", domURL=http://siteadmin.taobao.com/module/module.htm?_input_charset=utf-8&compId=9205&siteCategory=60, params={}]]同步失败！
10:29:38 ModuleUtil#getSystemModuleID [ERROR]: 系统模块[ID：tshop-pbsm-shop-self-defined]无法支持！可能的原因：系统模块同步失败，请稍后重试！
10:30:47 ModuleUtil#getSystemModuleID [ERROR]: 系统模块[ID：tshop-pbsm-shop-custom-banner]无法支持！可能的原因：系统模块同步失败，请稍后重试！
10:30:47 ModuleUtil#getSystemModuleID [ERROR]: 系统模块[ID：tshop-pbsm-shop-nav-ch]无法支持！可能的原因：系统模块同步失败，请稍后重试！
10:59:31 NetworkUtil#<clinit> [ERROR]: 无法获取Mac地址！
10:59:32 DesignRuleContainer#initRuleContainer [ERROR]: modulePrefix,productId=1001,modulePrefix=ModulePrefix{siteID=1001, localModulePrefix='ot-', systemModulePrefix=[of-]}
10:59:32 DesignRuleContainer#initRuleContainer [ERROR]: modulePrefix,productId=1003,modulePrefix=ModulePrefix{siteID=1003, localModulePrefix='ot-', systemModulePrefix=[msp-]}
10:59:32 DesignRuleContainer#initRuleContainer [ERROR]: modulePrefix,productId=2,modulePrefix=ModulePrefix{siteID=2, localModulePrefix='tshop-um-', systemModulePrefix=[tshop-pbsm-]}
10:59:33 DesignRuleContainer#initRuleContainer [ERROR]: modulePrefix,productId=58,modulePrefix=ModulePrefix{siteID=58, localModulePrefix='tshop-um-', systemModulePrefix=[tshop-pbsm-]}
10:59:33 DesignRuleContainer#initRuleContainer [ERROR]: modulePrefix,productId=1,modulePrefix=ModulePrefix{siteID=1, localModulePrefix='tshop-um-', systemModulePrefix=[tshop-pbsm-]}
10:59:33 DesignRuleContainer#initRuleContainer [ERROR]: modulePrefix,productId=60,modulePrefix=ModulePrefix{siteID=60, localModulePrefix='tshop-um-', systemModulePrefix=[tshop-uz-, tshop-psm-]}
10:59:33 DesignRuleContainer#initRuleContainer [ERROR]: modulePrefix,productId=66,modulePrefix=ModulePrefix{siteID=66, localModulePrefix='tshop-um-', systemModulePrefix=[tshop-pbsm-]}
10:59:33 DesignRuleContainer#initRuleContainer [ERROR]: modulePrefix,productId=3,modulePrefix=ModulePrefix{siteID=3, localModulePrefix='tshop-um-', systemModulePrefix=[tshop-pbsm-]}
10:59:33 SystemModuleSynchronizator#synchronize [ERROR]: 系统模块[SystemModule [moduleID=pinpai.module.homePicRound, thumbnailURL=http://img02.taobaocdn.com/tps/i2/T1XFRLXn4mXXXXXXXX-50-50.png, cssSelectorName=null, moduleName=图片轮播, javascriptURL=apps/brandservice/js/brand_index.js,apps/brandservice/js/brand_active.js, componentID=791, cssURL="", domURL=http://siteadmin.taobao.com/module/module.htm?_input_charset=utf-8&compId=791&siteCategory=58, params={}]]同步失败！
10:59:33 SystemModuleSynchronizator#synchronize [ERROR]: 系统模块[SystemModule [moduleID=pinpai.module.fullScreenPic, thumbnailURL=//gdp.alicdn.com/tps/i3/T1b656FnXbXXa_Z76h-990-485.jpg, cssSelectorName=null, moduleName=全屏图片轮播, javascriptURL=apps/brandservice/scripts/mods/index-slide-big-min.js, componentID=447, cssURL=/apps/brandservice/stylesheet/mods/index-slide-big-min.css, domURL=http://siteadmin.taobao.com/module/module.htm?_input_charset=utf-8&compId=447&siteCategory=58, params={}]]同步失败！
10:59:33 SystemModuleSynchronizator#synchronize [ERROR]: 系统模块[SystemModule [moduleID=pinpai.module.tongFullRoundPic, thumbnailURL=http://img02.taobaocdn.com/tps/i2/T1XFRLXn4mXXXXXXXX-50-50.png, cssSelectorName=null, moduleName=通栏图片轮播, javascriptURL=apps/brandservice/scripts/mods/index-slide-fullscreen-min.js, componentID=453, cssURL=/apps/brandservice/stylesheet/mods/index-slide-fullscreen-min.css, domURL=http://siteadmin.taobao.com/module/module.htm?_input_charset=utf-8&compId=453&siteCategory=58, params={}]]同步失败！
10:59:33 SystemModuleSynchronizator#synchronize [ERROR]: 系统模块[SystemModule [moduleID=pinpai.module.minifeeds, thumbnailURL=http://img02.taobaocdn.com/tps/i2/T1XFRLXn4mXXXXXXXX-50-50.png, cssSelectorName=null, moduleName=sns直播墙, javascriptURL="", componentID=915, cssURL="", domURL=http://siteadmin.taobao.com/module/module.htm?_input_charset=utf-8&compId=915&siteCategory=58, params={}]]同步失败！
10:59:34 SystemModuleSynchronizator#synchronize [ERROR]: 系统模块[SystemModule [moduleID=taobao.module.isvgamelist, thumbnailURL=//gdp.alicdn.com/tps/i1/TB1ywDUGFXXXXX2apXX1ElnIXXX-64-64.png, cssSelectorName=null, moduleName=ISV互动游戏模块列表, javascriptURL="", componentID=4081, cssURL="", domURL=http://siteadmin.taobao.com/module/module.htm?_input_charset=utf-8&compId=4081&siteCategory=1, params={}]]同步失败！
10:59:34 SystemModuleSynchronizator#synchronize [ERROR]: 系统模块[SystemModule [moduleID=daogou.module.hangjiaslide, thumbnailURL=http://img02.taobaocdn.com/tps/i2/T1XFRLXn4mXXXXXXXX-50-50.png, cssSelectorName=null, moduleName=行家轮播模块, javascriptURL="", componentID=9205, cssURL="", domURL=http://siteadmin.taobao.com/module/module.htm?_input_charset=utf-8&compId=9205&siteCategory=60, params={}]]同步失败！
11:00:20 SdkDiamondContentExportClient#getContent [ERROR]: Diamond内容导出服务URL发生错误，其Group ID：com.taobao.tae.sdk.api，Data ID：site.caja.config.1001
11:00:20 SdkDiamondContentExportClient#getContent [ERROR]: Diamond内容导出服务URL发生错误，其Group ID：com.taobao.tae.sdk.api，Data ID：site.caja.config.1003
11:00:20 SdkDiamondContentExportClient#getContent [ERROR]: Diamond内容导出服务URL发生错误，其Group ID：com.taobao.tae.sdk.api，Data ID：site.caja.config.66
11:00:20 SdkDiamondContentExportClient#getContent [ERROR]: Diamond内容导出服务URL发生错误，其Group ID：com.taobao.tae.sdk.api，Data ID：site.caja.config.58
11:00:20 ComponentSynchronizator#synchronize [ERROR]: ======component sync url: http://siteadmin.taobao.com/module/singleModule.htm?want=part&noRender=1&compId=18518
11:02:07 ModuleUtil#getSystemModuleID [ERROR]: 系统模块[ID：tshop-pbsm-shop-custom-banner]无法支持！可能的原因：系统模块同步失败，请稍后重试！
11:02:07 ModuleUtil#getSystemModuleID [ERROR]: 系统模块[ID：tshop-pbsm-shop-nav-ch]无法支持！可能的原因：系统模块同步失败，请稍后重试！
